Analysis & Synthesis report for DA07
Sat May 21 18:39:23 2022
Quartus Prime Version 20.1.1 Build 720 11/11/2020 SJ Lite Edition


---------------------
; Table of Contents ;
---------------------
  1. Legal Notice
  2. Analysis & Synthesis Summary
  3. Analysis & Synthesis Settings
  4. Parallel Compilation
  5. Analysis & Synthesis Source Files Read
  6. Analysis & Synthesis Resource Usage Summary
  7. Analysis & Synthesis Resource Utilization by Entity
  8. General Register Statistics
  9. Multiplexer Restructuring Statistics (Restructuring Performed)
 10. Parameter Settings for User Entity Instance: Top-level Entity: |bilboSystem
 11. Parameter Settings for User Entity Instance: BILBO:RegA
 12. Parameter Settings for User Entity Instance: BILBO:RegB
 13. Parameter Settings for User Entity Instance: BILBO:RegC
 14. Parameter Settings for User Entity Instance: Adder4:Adder
 15. Port Connectivity Checks: "Adder4:Adder"
 16. Post-Synthesis Netlist Statistics for Top Partition
 17. Elapsed Time Per Partition
 18. Analysis & Synthesis Messages



----------------
; Legal Notice ;
----------------
Copyright (C) 2020  Intel Corporation. All rights reserved.
Your use of Intel Corporation's design tools, logic functions 
and other software and tools, and any partner logic 
functions, and any output files from any of the foregoing 
(including device programming or simulation files), and any 
associated documentation or information are expressly subject 
to the terms and conditions of the Intel Program License 
Subscription Agreement, the Intel Quartus Prime License Agreement,
the Intel FPGA IP License Agreement, or other applicable license
agreement, including, without limitation, that your use is for
the sole purpose of programming logic devices manufactured by
Intel and sold by Intel or its authorized distributors.  Please
refer to the applicable agreement for further details, at
https://fpgasoftware.intel.com/eula.



+----------------------------------------------------------------------------------+
; Analysis & Synthesis Summary                                                     ;
+------------------------------------+---------------------------------------------+
; Analysis & Synthesis Status        ; Successful - Sat May 21 18:39:23 2022       ;
; Quartus Prime Version              ; 20.1.1 Build 720 11/11/2020 SJ Lite Edition ;
; Revision Name                      ; DA07                                        ;
; Top-level Entity Name              ; bilboSystem                                 ;
; Family                             ; MAX 10                                      ;
; Total logic elements               ; 35                                          ;
;     Total combinational functions  ; 35                                          ;
;     Dedicated logic registers      ; 13                                          ;
; Total registers                    ; 13                                          ;
; Total pins                         ; 17                                          ;
; Total virtual pins                 ; 0                                           ;
; Total memory bits                  ; 0                                           ;
; Embedded Multiplier 9-bit elements ; 0                                           ;
; Total PLLs                         ; 0                                           ;
; UFM blocks                         ; 0                                           ;
; ADC blocks                         ; 0                                           ;
+------------------------------------+---------------------------------------------+


+------------------------------------------------------------------------------------------------------------+
; Analysis & Synthesis Settings                                                                              ;
+------------------------------------------------------------------+--------------------+--------------------+
; Option                                                           ; Setting            ; Default Value      ;
+------------------------------------------------------------------+--------------------+--------------------+
; Device                                                           ; 10M08DAF484C8G     ;                    ;
; Top-level entity name                                            ; bilboSystem        ; DA07               ;
; Family name                                                      ; MAX 10             ; Cyclone V          ;
; Use smart compilation                                            ; Off                ; Off                ;
; Enable parallel Assembler and Timing Analyzer during compilation ; On                 ; On                 ;
; Enable compact report table                                      ; Off                ; Off                ;
; Restructure Multiplexers                                         ; Auto               ; Auto               ;
; Create Debugging Nodes for IP Cores                              ; Off                ; Off                ;
; Preserve fewer node names                                        ; On                 ; On                 ;
; Intel FPGA IP Evaluation Mode                                    ; Enable             ; Enable             ;
; Verilog Version                                                  ; Verilog_2001       ; Verilog_2001       ;
; VHDL Version                                                     ; VHDL_1993          ; VHDL_1993          ;
; State Machine Processing                                         ; Auto               ; Auto               ;
; Safe State Machine                                               ; Off                ; Off                ;
; Extract Verilog State Machines                                   ; On                 ; On                 ;
; Extract VHDL State Machines                                      ; On                 ; On                 ;
; Ignore Verilog initial constructs                                ; Off                ; Off                ;
; Iteration limit for constant Verilog loops                       ; 5000               ; 5000               ;
; Iteration limit for non-constant Verilog loops                   ; 250                ; 250                ;
; Add Pass-Through Logic to Inferred RAMs                          ; On                 ; On                 ;
; Infer RAMs from Raw Logic                                        ; On                 ; On                 ;
; Parallel Synthesis                                               ; On                 ; On                 ;
; DSP Block Balancing                                              ; Auto               ; Auto               ;
; NOT Gate Push-Back                                               ; On                 ; On                 ;
; Power-Up Don't Care                                              ; On                 ; On                 ;
; Remove Redundant Logic Cells                                     ; Off                ; Off                ;
; Remove Duplicate Registers                                       ; On                 ; On                 ;
; Ignore CARRY Buffers                                             ; Off                ; Off                ;
; Ignore CASCADE Buffers                                           ; Off                ; Off                ;
; Ignore GLOBAL Buffers                                            ; Off                ; Off                ;
; Ignore ROW GLOBAL Buffers                                        ; Off                ; Off                ;
; Ignore LCELL Buffers                                             ; Off                ; Off                ;
; Ignore SOFT Buffers                                              ; On                 ; On                 ;
; Limit AHDL Integers to 32 Bits                                   ; Off                ; Off                ;
; Optimization Technique                                           ; Balanced           ; Balanced           ;
; Carry Chain Length                                               ; 70                 ; 70                 ;
; Auto Carry Chains                                                ; On                 ; On                 ;
; Auto Open-Drain Pins                                             ; On                 ; On                 ;
; Perform WYSIWYG Primitive Resynthesis                            ; Off                ; Off                ;
; Auto ROM Replacement                                             ; On                 ; On                 ;
; Auto RAM Replacement                                             ; On                 ; On                 ;
; Auto DSP Block Replacement                                       ; On                 ; On                 ;
; Auto Shift Register Replacement                                  ; Auto               ; Auto               ;
; Allow Shift Register Merging across Hierarchies                  ; Auto               ; Auto               ;
; Auto Clock Enable Replacement                                    ; On                 ; On                 ;
; Strict RAM Replacement                                           ; Off                ; Off                ;
; Allow Synchronous Control Signals                                ; On                 ; On                 ;
; Force Use of Synchronous Clear Signals                           ; Off                ; Off                ;
; Auto RAM Block Balancing                                         ; On                 ; On                 ;
; Auto RAM to Logic Cell Conversion                                ; Off                ; Off                ;
; Auto Resource Sharing                                            ; Off                ; Off                ;
; Allow Any RAM Size For Recognition                               ; Off                ; Off                ;
; Allow Any ROM Size For Recognition                               ; Off                ; Off                ;
; Allow Any Shift Register Size For Recognition                    ; Off                ; Off                ;
; Use LogicLock Constraints during Resource Balancing              ; On                 ; On                 ;
; Ignore translate_off and synthesis_off directives                ; Off                ; Off                ;
; Timing-Driven Synthesis                                          ; On                 ; On                 ;
; Report Parameter Settings                                        ; On                 ; On                 ;
; Report Source Assignments                                        ; On                 ; On                 ;
; Report Connectivity Checks                                       ; On                 ; On                 ;
; Ignore Maximum Fan-Out Assignments                               ; Off                ; Off                ;
; Synchronization Register Chain Length                            ; 2                  ; 2                  ;
; Power Optimization During Synthesis                              ; Normal compilation ; Normal compilation ;
; HDL message level                                                ; Level2             ; Level2             ;
; Suppress Register Optimization Related Messages                  ; Off                ; Off                ;
; Number of Removed Registers Reported in Synthesis Report         ; 5000               ; 5000               ;
; Number of Swept Nodes Reported in Synthesis Report               ; 5000               ; 5000               ;
; Number of Inverted Registers Reported in Synthesis Report        ; 100                ; 100                ;
; Clock MUX Protection                                             ; On                 ; On                 ;
; Auto Gated Clock Conversion                                      ; Off                ; Off                ;
; Block Design Naming                                              ; Auto               ; Auto               ;
; SDC constraint protection                                        ; Off                ; Off                ;
; Synthesis Effort                                                 ; Auto               ; Auto               ;
; Shift Register Replacement - Allow Asynchronous Clear Signal     ; On                 ; On                 ;
; Pre-Mapping Resynthesis Optimization                             ; Off                ; Off                ;
; Analysis & Synthesis Message Level                               ; Medium             ; Medium             ;
; Disable Register Merging Across Hierarchies                      ; Auto               ; Auto               ;
; Resource Aware Inference For Block RAM                           ; On                 ; On                 ;
+------------------------------------------------------------------+--------------------+--------------------+


+------------------------------------------+
; Parallel Compilation                     ;
+----------------------------+-------------+
; Processors                 ; Number      ;
+----------------------------+-------------+
; Number detected on machine ; 4           ;
; Maximum allowed            ; 4           ;
;                            ;             ;
; Average used               ; 1.00        ;
; Maximum used               ; 4           ;
;                            ;             ;
; Usage by Processor         ; % Time Used ;
;     Processor 1            ; 100.0%      ;
;     Processors 2-4         ;   0.0%      ;
+----------------------------+-------------+


+-----------------------------------------------------------------------------------------------------------------------------------------------+
; Analysis & Synthesis Source Files Read                                                                                                        ;
+----------------------------------+-----------------+------------------------+-------------------------------------------------------+---------+
; File Name with User-Entered Path ; Used in Netlist ; File Type              ; File Name with Absolute Path                          ; Library ;
+----------------------------------+-----------------+------------------------+-------------------------------------------------------+---------+
; Adder4.v                         ; yes             ; User Verilog HDL File  ; D:/uni/EE/EE 460/assgiments/Verilog A#5/Adder4.v      ;         ;
; BILBO.v                          ; yes             ; User Verilog HDL File  ; D:/uni/EE/EE 460/assgiments/Verilog A#5/BILBO.v       ;         ;
; bilboSystem.v                    ; yes             ; User Verilog HDL File  ; D:/uni/EE/EE 460/assgiments/Verilog A#5/bilboSystem.v ;         ;
+----------------------------------+-----------------+------------------------+-------------------------------------------------------+---------+


+--------------------------------------------------------+
; Analysis & Synthesis Resource Usage Summary            ;
+---------------------------------------------+----------+
; Resource                                    ; Usage    ;
+---------------------------------------------+----------+
; Estimated Total logic elements              ; 35       ;
;                                             ;          ;
; Total combinational functions               ; 35       ;
; Logic element usage by number of LUT inputs ;          ;
;     -- 4 input functions                    ; 6        ;
;     -- 3 input functions                    ; 17       ;
;     -- <=2 input functions                  ; 12       ;
;                                             ;          ;
; Logic elements by mode                      ;          ;
;     -- normal mode                          ; 31       ;
;     -- arithmetic mode                      ; 4        ;
;                                             ;          ;
; Total registers                             ; 13       ;
;     -- Dedicated logic registers            ; 13       ;
;     -- I/O registers                        ; 0        ;
;                                             ;          ;
; I/O pins                                    ; 17       ;
;                                             ;          ;
; Embedded Multiplier 9-bit elements          ; 0        ;
;                                             ;          ;
; Maximum fan-out node                        ; B2~input ;
; Maximum fan-out                             ; 19       ;
; Total fan-out                               ; 184      ;
; Average fan-out                             ; 2.11     ;
+---------------------------------------------+----------+


+------------------------------------------------------------------------------------------------------------------------------------------------------------------------------------------------------------------------------------------+
; Analysis & Synthesis Resource Utilization by Entity                                                                                                                                                                                      ;
+----------------------------+---------------------+---------------------------+-------------+------------+--------------+---------+-----------+------+--------------+------------+---------------------------+-------------+--------------+
; Compilation Hierarchy Node ; Combinational ALUTs ; Dedicated Logic Registers ; Memory Bits ; UFM Blocks ; DSP Elements ; DSP 9x9 ; DSP 18x18 ; Pins ; Virtual Pins ; ADC blocks ; Full Hierarchy Name       ; Entity Name ; Library Name ;
+----------------------------+---------------------+---------------------------+-------------+------------+--------------+---------+-----------+------+--------------+------------+---------------------------+-------------+--------------+
; |bilboSystem               ; 35 (4)              ; 13 (0)                    ; 0           ; 0          ; 0            ; 0       ; 0         ; 17   ; 0            ; 0          ; |bilboSystem              ; bilboSystem ; work         ;
;    |Adder4:Adder|          ; 5 (5)               ; 0 (0)                     ; 0           ; 0          ; 0            ; 0       ; 0         ; 0    ; 0            ; 0          ; |bilboSystem|Adder4:Adder ; Adder4      ; work         ;
;    |BILBO:RegA|            ; 8 (8)               ; 4 (4)                     ; 0           ; 0          ; 0            ; 0       ; 0         ; 0    ; 0            ; 0          ; |bilboSystem|BILBO:RegA   ; BILBO       ; work         ;
;    |BILBO:RegB|            ; 8 (8)               ; 4 (4)                     ; 0           ; 0          ; 0            ; 0       ; 0         ; 0    ; 0            ; 0          ; |bilboSystem|BILBO:RegB   ; BILBO       ; work         ;
;    |BILBO:RegC|            ; 10 (10)             ; 5 (5)                     ; 0           ; 0          ; 0            ; 0       ; 0         ; 0    ; 0            ; 0          ; |bilboSystem|BILBO:RegC   ; BILBO       ; work         ;
+----------------------------+---------------------+---------------------------+-------------+------------+--------------+---------+-----------+------+--------------+------------+---------------------------+-------------+--------------+
Note: For table entries with two numbers listed, the numbers in parentheses indicate the number of resources of the given type used by the specific entity alone. The numbers listed outside of parentheses indicate the total resources of the given type used by the specific entity and all of its sub-entities in the hierarchy.


+------------------------------------------------------+
; General Register Statistics                          ;
+----------------------------------------------+-------+
; Statistic                                    ; Value ;
+----------------------------------------------+-------+
; Total registers                              ; 13    ;
; Number of registers using Synchronous Clear  ; 0     ;
; Number of registers using Synchronous Load   ; 10    ;
; Number of registers using Asynchronous Clear ; 0     ;
; Number of registers using Asynchronous Load  ; 0     ;
; Number of registers using Clock Enable       ; 13    ;
; Number of registers using Preset             ; 0     ;
+----------------------------------------------+-------+


+------------------------------------------------------------------------------------------------------------------------------------------------+
; Multiplexer Restructuring Statistics (Restructuring Performed)                                                                                 ;
+--------------------+-----------+---------------+----------------------+------------------------+------------+----------------------------------+
; Multiplexer Inputs ; Bus Width ; Baseline Area ; Area if Restructured ; Saving if Restructured ; Registered ; Example Multiplexer Output       ;
+--------------------+-----------+---------------+----------------------+------------------------+------------+----------------------------------+
; 4:1                ; 6 bits    ; 12 LEs        ; 12 LEs               ; 0 LEs                  ; Yes        ; |bilboSystem|BILBO:RegB|nextQ[2] ;
; 4:1                ; 2 bits    ; 4 LEs         ; 4 LEs                ; 0 LEs                  ; Yes        ; |bilboSystem|BILBO:RegB|nextQ[1] ;
; 4:1                ; 4 bits    ; 8 LEs         ; 8 LEs                ; 0 LEs                  ; Yes        ; |bilboSystem|BILBO:RegC|nextQ[5] ;
+--------------------+-----------+---------------+----------------------+------------------------+------------+----------------------------------+


+-----------------------------------------------------------------------------+
; Parameter Settings for User Entity Instance: Top-level Entity: |bilboSystem ;
+----------------+-------+----------------------------------------------------+
; Parameter Name ; Value ; Type                                               ;
+----------------+-------+----------------------------------------------------+
; n              ; 100   ; Unsigned Binary                                    ;
+----------------+-------+----------------------------------------------------+
Note: In order to hide this table in the UI and the text report file, please set the "Show Parameter Settings in Synthesis Report" option in "Analysis and Synthesis Settings -> More Settings" to "Off".


+---------------------------------------------------------+
; Parameter Settings for User Entity Instance: BILBO:RegA ;
+----------------+-------+--------------------------------+
; Parameter Name ; Value ; Type                           ;
+----------------+-------+--------------------------------+
; n              ; 100   ; Unsigned Binary                ;
+----------------+-------+--------------------------------+
Note: In order to hide this table in the UI and the text report file, please set the "Show Parameter Settings in Synthesis Report" option in "Analysis and Synthesis Settings -> More Settings" to "Off".


+---------------------------------------------------------+
; Parameter Settings for User Entity Instance: BILBO:RegB ;
+----------------+-------+--------------------------------+
; Parameter Name ; Value ; Type                           ;
+----------------+-------+--------------------------------+
; n              ; 100   ; Unsigned Binary                ;
+----------------+-------+--------------------------------+
Note: In order to hide this table in the UI and the text report file, please set the "Show Parameter Settings in Synthesis Report" option in "Analysis and Synthesis Settings -> More Settings" to "Off".


+---------------------------------------------------------------------+
; Parameter Settings for User Entity Instance: BILBO:RegC             ;
+----------------+----------------------------------+-----------------+
; Parameter Name ; Value                            ; Type            ;
+----------------+----------------------------------+-----------------+
; n              ; 00000000000000000000000000000101 ; Unsigned Binary ;
+----------------+----------------------------------+-----------------+
Note: In order to hide this table in the UI and the text report file, please set the "Show Parameter Settings in Synthesis Report" option in "Analysis and Synthesis Settings -> More Settings" to "Off".


+-----------------------------------------------------------+
; Parameter Settings for User Entity Instance: Adder4:Adder ;
+----------------+-------+----------------------------------+
; Parameter Name ; Value ; Type                             ;
+----------------+-------+----------------------------------+
; n              ; 100   ; Unsigned Binary                  ;
+----------------+-------+----------------------------------+
Note: In order to hide this table in the UI and the text report file, please set the "Show Parameter Settings in Synthesis Report" option in "Analysis and Synthesis Settings -> More Settings" to "Off".


+------------------------------------------+
; Port Connectivity Checks: "Adder4:Adder" ;
+------+-------+----------+----------------+
; Port ; Type  ; Severity ; Details        ;
+------+-------+----------+----------------+
; cIn  ; Input ; Info     ; Stuck at GND   ;
+------+-------+----------+----------------+


+-----------------------------------------------------+
; Post-Synthesis Netlist Statistics for Top Partition ;
+-----------------------+-----------------------------+
; Type                  ; Count                       ;
+-----------------------+-----------------------------+
; boundary_port         ; 17                          ;
; cycloneiii_ff         ; 13                          ;
;     ENA               ; 3                           ;
;     ENA SLD           ; 10                          ;
; cycloneiii_io_obuf    ; 5                           ;
; cycloneiii_lcell_comb ; 35                          ;
;     arith             ; 4                           ;
;         3 data inputs ; 4                           ;
;     normal            ; 31                          ;
;         0 data inputs ; 1                           ;
;         2 data inputs ; 11                          ;
;         3 data inputs ; 13                          ;
;         4 data inputs ; 6                           ;
;                       ;                             ;
; Max LUT depth         ; 3.20                        ;
; Average LUT depth     ; 2.12                        ;
+-----------------------+-----------------------------+


+-------------------------------+
; Elapsed Time Per Partition    ;
+----------------+--------------+
; Partition Name ; Elapsed Time ;
+----------------+--------------+
; Top            ; 00:00:00     ;
+----------------+--------------+


+-------------------------------+
; Analysis & Synthesis Messages ;
+-------------------------------+
Info: *******************************************************************
Info: Running Quartus Prime Analysis & Synthesis
    Info: Version 20.1.1 Build 720 11/11/2020 SJ Lite Edition
    Info: Processing started: Sat May 21 18:39:12 2022
Info: Command: quartus_map --read_settings_files=on --write_settings_files=off DA07 -c DA07
Warning (18236): Number of processors has not been specified which may cause overloading on shared machines.  Set the global assignment NUM_PARALLEL_PROCESSORS in your QSF to an appropriate value for best performance.
Info (20030): Parallel compilation is enabled and will use 4 of the 4 processors detected
Info (12021): Found 1 design units, including 1 entities, in source file adder4.v
    Info (12023): Found entity 1: Adder4 File: D:/uni/EE/EE 460/assgiments/Verilog A#5/Adder4.v Line: 23
Info (12021): Found 1 design units, including 1 entities, in source file bilbo.v
    Info (12023): Found entity 1: BILBO File: D:/uni/EE/EE 460/assgiments/Verilog A#5/BILBO.v Line: 22
Info (12021): Found 1 design units, including 1 entities, in source file bilbosystem.v
    Info (12023): Found entity 1: bilboSystem File: D:/uni/EE/EE 460/assgiments/Verilog A#5/bilboSystem.v Line: 23
Info (12021): Found 1 design units, including 1 entities, in source file testbilbosystem.v
    Info (12023): Found entity 1: testBilboSystem File: D:/uni/EE/EE 460/assgiments/Verilog A#5/testBilboSystem.v Line: 23
Info (12127): Elaborating entity "bilboSystem" for the top level hierarchy
Info (12128): Elaborating entity "BILBO" for hierarchy "BILBO:RegA" File: D:/uni/EE/EE 460/assgiments/Verilog A#5/bilboSystem.v Line: 58
Info (12128): Elaborating entity "BILBO" for hierarchy "BILBO:RegC" File: D:/uni/EE/EE 460/assgiments/Verilog A#5/bilboSystem.v Line: 60
Warning (10230): Verilog HDL assignment warning at BILBO.v(22): truncated value with size 32 to match size of target (3) File: D:/uni/EE/EE 460/assgiments/Verilog A#5/BILBO.v Line: 22
Info (12128): Elaborating entity "Adder4" for hierarchy "Adder4:Adder" File: D:/uni/EE/EE 460/assgiments/Verilog A#5/bilboSystem.v Line: 61
Warning (13034): The following nodes have both tri-state and non-tri-state drivers
    Warning (13035): Inserted always-enabled tri-state buffer between "Output[0]" and its non-tri-state driver. File: D:/uni/EE/EE 460/assgiments/Verilog A#5/bilboSystem.v Line: 30
    Warning (13035): Inserted always-enabled tri-state buffer between "Output[1]" and its non-tri-state driver. File: D:/uni/EE/EE 460/assgiments/Verilog A#5/bilboSystem.v Line: 30
    Warning (13035): Inserted always-enabled tri-state buffer between "Output[2]" and its non-tri-state driver. File: D:/uni/EE/EE 460/assgiments/Verilog A#5/bilboSystem.v Line: 30
    Warning (13035): Inserted always-enabled tri-state buffer between "Output[3]" and its non-tri-state driver. File: D:/uni/EE/EE 460/assgiments/Verilog A#5/bilboSystem.v Line: 30
    Warning (13035): Inserted always-enabled tri-state buffer between "Output[4]" and its non-tri-state driver. File: D:/uni/EE/EE 460/assgiments/Verilog A#5/bilboSystem.v Line: 30
Info (13060): One or more bidirectional pins are fed by always enabled tri-state buffers
    Info (13061): Fan-out of permanently enabled tri-state buffer feeding bidirectional pin "Output[0]" is moved to its source File: D:/uni/EE/EE 460/assgiments/Verilog A#5/bilboSystem.v Line: 30
    Info (13061): Fan-out of permanently enabled tri-state buffer feeding bidirectional pin "Output[1]" is moved to its source File: D:/uni/EE/EE 460/assgiments/Verilog A#5/bilboSystem.v Line: 30
    Info (13061): Fan-out of permanently enabled tri-state buffer feeding bidirectional pin "Output[2]" is moved to its source File: D:/uni/EE/EE 460/assgiments/Verilog A#5/bilboSystem.v Line: 30
    Info (13061): Fan-out of permanently enabled tri-state buffer feeding bidirectional pin "Output[3]" is moved to its source File: D:/uni/EE/EE 460/assgiments/Verilog A#5/bilboSystem.v Line: 30
    Info (13061): Fan-out of permanently enabled tri-state buffer feeding bidirectional pin "Output[4]" is moved to its source File: D:/uni/EE/EE 460/assgiments/Verilog A#5/bilboSystem.v Line: 30
Warning (13009): TRI or OPNDRN buffers permanently enabled
    Warning (13010): Node "Output[0]~synth" File: D:/uni/EE/EE 460/assgiments/Verilog A#5/bilboSystem.v Line: 30
    Warning (13010): Node "Output[1]~synth" File: D:/uni/EE/EE 460/assgiments/Verilog A#5/bilboSystem.v Line: 30
    Warning (13010): Node "Output[2]~synth" File: D:/uni/EE/EE 460/assgiments/Verilog A#5/bilboSystem.v Line: 30
    Warning (13010): Node "Output[3]~synth" File: D:/uni/EE/EE 460/assgiments/Verilog A#5/bilboSystem.v Line: 30
    Warning (13010): Node "Output[4]~synth" File: D:/uni/EE/EE 460/assgiments/Verilog A#5/bilboSystem.v Line: 30
Info (286030): Timing-Driven Synthesis is running
Info (16010): Generating hard_block partition "hard_block:auto_generated_inst"
    Info (16011): Adding 0 node(s), including 0 DDIO, 0 PLL, 0 transceiver and 0 LCELL
Info (21057): Implemented 52 device resources after synthesis - the final resource count might be different
    Info (21058): Implemented 11 input pins
    Info (21059): Implemented 1 output pins
    Info (21060): Implemented 5 bidirectional pins
    Info (21061): Implemented 35 logic cells
Info: Quartus Prime Analysis & Synthesis was successful. 0 errors, 14 warnings
    Info: Peak virtual memory: 4766 megabytes
    Info: Processing ended: Sat May 21 18:39:23 2022
    Info: Elapsed time: 00:00:11
    Info: Total CPU time (on all processors): 00:00:21


